2018-09-06 10:41:35,116 [Worker-2: Loading available Gradle versions] INFO  c.g.t.t.d.PublishedGradleVersions - Gradle version information cache is up-to-date. Trying to read.
2018-09-06 15:11:12,052 [Worker-1: Loading available Gradle versions] INFO  c.g.t.t.d.PublishedGradleVersions - Gradle version information cache is up-to-date. Trying to read.
2018-09-07 13:51:32,515 [Worker-3: Loading available Gradle versions] INFO  c.g.t.t.d.PublishedGradleVersions - Gradle version information cache is up-to-date. Trying to read.
2018-09-10 10:30:42,054 [Worker-0: Loading available Gradle versions] INFO  c.g.t.t.d.PublishedGradleVersions - Gradle version information cache is up-to-date. Trying to read.
2018-09-11 15:54:50,208 [Worker-0: Loading available Gradle versions] INFO  c.g.t.t.d.PublishedGradleVersions - Gradle version information cache is out-of-date. Trying to update.
2018-09-11 15:54:50,521 [Worker-0: Loading available Gradle versions] INFO  c.g.t.t.d.PublishedGradleVersions - Updating Gradle version information cache failed. Using outdated cache.
2018-09-12 10:24:44,163 [Worker-3: Loading available Gradle versions] INFO  c.g.t.t.d.PublishedGradleVersions - Gradle version information cache is out-of-date. Trying to update.
2018-09-12 14:40:27,982 [Worker-3: Loading available Gradle versions] INFO  c.g.t.t.d.PublishedGradleVersions - Gradle version information cache is up-to-date. Trying to read.
2018-09-12 15:55:08,709 [Worker-4: Loading available Gradle versions] INFO  c.g.t.t.d.PublishedGradleVersions - Gradle version information cache is up-to-date. Trying to read.
2018-09-14 10:20:36,281 [Worker-1: Loading available Gradle versions] INFO  c.g.t.t.d.PublishedGradleVersions - Gradle version information cache is out-of-date. Trying to update.
2018-09-14 10:20:36,625 [Worker-1: Loading available Gradle versions] INFO  c.g.t.t.d.PublishedGradleVersions - Updating Gradle version information cache failed. Using outdated cache.
2018-09-14 18:00:28,845 [Worker-1: Loading available Gradle versions] INFO  c.g.t.t.d.PublishedGradleVersions - Gradle version information cache is out-of-date. Trying to update.
2018-09-18 10:41:41,187 [Worker-0: Loading available Gradle versions] INFO  c.g.t.t.d.PublishedGradleVersions - Gradle version information cache is out-of-date. Trying to update.
2018-09-20 10:41:00,896 [Worker-4: Loading available Gradle versions] INFO  c.g.t.t.d.PublishedGradleVersions - Gradle version information cache is out-of-date. Trying to update.
2018-09-20 10:42:37,786 [Worker-10: Auto share git projects] WARN  org.eclipse.jgit.util.FS_Win32 - null
2018-09-20 10:55:02,521 [Worker-3: Loading available Gradle versions] INFO  c.g.t.t.d.PublishedGradleVersions - Gradle version information cache is up-to-date. Trying to read.
2018-09-20 10:55:06,298 [Worker-1: Decoration Calculation] WARN  org.eclipse.jgit.util.FS_Win32 - null
2018-09-24 11:38:24,502 [Worker-5: Loading available Gradle versions] INFO  c.g.t.t.d.PublishedGradleVersions - Gradle version information cache is out-of-date. Trying to update.
2018-09-24 11:38:29,365 [Worker-1: Decoration Calculation] WARN  org.eclipse.jgit.util.FS_Win32 - null
2018-09-26 10:29:27,607 [Worker-3: Loading available Gradle versions] INFO  c.g.t.t.d.PublishedGradleVersions - Gradle version information cache is out-of-date. Trying to update.
2018-09-26 10:29:30,838 [Worker-2: Decoration Calculation] WARN  org.eclipse.jgit.util.FS_Win32 - null
2018-09-28 10:26:00,990 [Worker-1: Loading available Gradle versions] INFO  c.g.t.t.d.PublishedGradleVersions - Gradle version information cache is out-of-date. Trying to update.
2018-09-28 10:26:06,261 [Worker-5: Decoration Calculation] WARN  org.eclipse.jgit.util.FS_Win32 - null
2018-10-06 12:49:46,781 [Worker-0: Loading available Gradle versions] INFO  c.g.t.t.d.PublishedGradleVersions - Gradle version information cache is out-of-date. Trying to update.
2018-10-06 12:49:50,051 [Worker-5: Decoration Calculation] WARN  org.eclipse.jgit.util.FS_Win32 - null
2018-10-08 19:15:03,049 [Worker-1: Loading available Gradle versions] INFO  c.g.t.t.d.PublishedGradleVersions - Gradle version information cache is out-of-date. Trying to update.
2018-10-08 19:15:05,665 [Worker-5: Decoration Calculation] WARN  org.eclipse.jgit.util.FS_Win32 - null
2018-10-09 10:18:54,494 [Worker-1: Loading available Gradle versions] INFO  c.g.t.t.d.PublishedGradleVersions - Gradle version information cache is up-to-date. Trying to read.
2018-10-09 10:18:57,794 [Worker-5: Decoration Calculation] WARN  org.eclipse.jgit.util.FS_Win32 - null
2018-10-09 11:33:12,708 [Worker-1: Loading available Gradle versions] INFO  c.g.t.t.d.PublishedGradleVersions - Gradle version information cache is up-to-date. Trying to read.
2018-10-09 11:33:18,664 [Worker-3: Decoration Calculation] WARN  org.eclipse.jgit.util.FS_Win32 - null
2018-10-10 13:05:38,179 [Worker-5: Loading available Gradle versions] INFO  c.g.t.t.d.PublishedGradleVersions - Gradle version information cache is out-of-date. Trying to update.
2018-10-10 13:05:42,022 [Worker-3: Decoration Calculation] WARN  org.eclipse.jgit.util.FS_Win32 - null
2018-10-11 10:39:55,695 [Worker-2: Loading available Gradle versions] INFO  c.g.t.t.d.PublishedGradleVersions - Gradle version information cache is up-to-date. Trying to read.
2018-10-11 10:39:59,434 [Worker-6: Decoration Calculation] WARN  org.eclipse.jgit.util.FS_Win32 - null
2018-10-15 11:12:16,666 [Worker-0: Loading available Gradle versions] INFO  c.g.t.t.d.PublishedGradleVersions - Gradle version information cache is out-of-date. Trying to update.
2018-10-15 11:12:20,218 [Worker-4: Decoration Calculation] WARN  org.eclipse.jgit.util.FS_Win32 - null
2018-10-19 09:32:44,474 [Worker-3: Loading available Gradle versions] INFO  c.g.t.t.d.PublishedGradleVersions - Gradle version information cache is up-to-date. Trying to read.
2018-10-19 09:32:47,193 [Worker-5: Decoration Calculation] WARN  org.eclipse.jgit.util.FS_Win32 - null
2018-10-25 10:25:18,979 [Worker-0: Loading available Gradle versions] INFO  c.g.t.t.d.PublishedGradleVersions - Gradle version information cache is out-of-date. Trying to update.
2018-10-25 10:25:24,682 [main] WARN  org.eclipse.jgit.util.FS_Win32 - null
